<?xml version="1.0" encoding="UTF-8"?><testrun name="SpellCheckerImplTest" project="SpellCheckLab" tests="6" started="6" failures="0" errors="6" ignored="0">
  <testsuite name="SpellCheckerImplTest" time="0.245">
    <testcase name="testCheckWordMisspelled" classname="SpellCheckerImplTest" time="0.128">
      <error>java.lang.ArrayIndexOutOfBoundsException: -3265&#13;
	at Hashtable.get(Hashtable.java:52)&#13;
	at SoundexWordPreparer.prepare(SoundexWordPreparer.java:15)&#13;
	at Dictionary.&lt;init&gt;(Dictionary.java:61)&#13;
	at Dictionary.&lt;init&gt;(Dictionary.java:33)&#13;
	at SpellCheckerImpl.&lt;init&gt;(SpellCheckerImpl.java:9)&#13;
	at SpellCheckerImplTest.testCheckWordMisspelled(SpellCheckerImplTest.java:16)&#13;
	at sun.reflect.NativeMethodAccessorImpl.invoke0(Native Method)&#13;
	at sun.reflect.NativeMethodAccessorImpl.invoke(Unknown Source)&#13;
	at sun.reflect.DelegatingMethodAccessorImpl.invoke(Unknown Source)&#13;
	at java.lang.reflect.Method.invoke(Unknown Source)&#13;
	at org.junit.runners.model.FrameworkMethod$1.runReflectiveCall(FrameworkMethod.java:45)&#13;
	at org.junit.internal.runners.model.ReflectiveCallable.run(ReflectiveCallable.java:15)&#13;
	at org.junit.runners.model.FrameworkMethod.invokeExplosively(FrameworkMethod.java:42)&#13;
	at org.junit.internal.runners.statements.InvokeMethod.evaluate(InvokeMethod.java:20)&#13;
	at org.junit.runners.ParentRunner.runLeaf(ParentRunner.java:263)&#13;
	at org.junit.runners.BlockJUnit4ClassRunner.runChild(BlockJUnit4ClassRunner.java:68)&#13;
	at org.junit.runners.BlockJUnit4ClassRunner.runChild(BlockJUnit4ClassRunner.java:47)&#13;
	at org.junit.runners.ParentRunner$3.run(ParentRunner.java:231)&#13;
	at org.junit.runners.ParentRunner$1.schedule(ParentRunner.java:60)&#13;
	at org.junit.runners.ParentRunner.runChildren(ParentRunner.java:229)&#13;
	at org.junit.runners.ParentRunner.access$000(ParentRunner.java:50)&#13;
	at org.junit.runners.ParentRunner$2.evaluate(ParentRunner.java:222)&#13;
	at org.junit.runners.ParentRunner.run(ParentRunner.java:300)&#13;
	at org.eclipse.jdt.internal.junit4.runner.JUnit4TestReference.run(JUnit4TestReference.java:50)&#13;
	at org.eclipse.jdt.internal.junit.runner.TestExecution.run(TestExecution.java:38)&#13;
	at org.eclipse.jdt.internal.junit.runner.RemoteTestRunner.runTests(RemoteTestRunner.java:467)&#13;
	at org.eclipse.jdt.internal.junit.runner.RemoteTestRunner.runTests(RemoteTestRunner.java:683)&#13;
	at org.eclipse.jdt.internal.junit.runner.RemoteTestRunner.run(RemoteTestRunner.java:390)&#13;
	at org.eclipse.jdt.internal.junit.runner.RemoteTestRunner.main(RemoteTestRunner.java:197)&#13;
&#13;
</error>
    </testcase>
    <testcase name="testCheckWordMisspelledWordHasSpecificSuggestion" classname="SpellCheckerImplTest" time="0.03">
      <error>java.lang.ArrayIndexOutOfBoundsException: -3265&#13;
	at Hashtable.get(Hashtable.java:52)&#13;
	at SoundexWordPreparer.prepare(SoundexWordPreparer.java:15)&#13;
	at Dictionary.&lt;init&gt;(Dictionary.java:61)&#13;
	at Dictionary.&lt;init&gt;(Dictionary.java:33)&#13;
	at SpellCheckerImpl.&lt;init&gt;(SpellCheckerImpl.java:9)&#13;
	at SpellCheckerImplTest.testCheckWordMisspelledWordHasSpecificSuggestion(SpellCheckerImplTest.java:59)&#13;
	at sun.reflect.NativeMethodAccessorImpl.invoke0(Native Method)&#13;
	at sun.reflect.NativeMethodAccessorImpl.invoke(Unknown Source)&#13;
	at sun.reflect.DelegatingMethodAccessorImpl.invoke(Unknown Source)&#13;
	at java.lang.reflect.Method.invoke(Unknown Source)&#13;
	at org.junit.runners.model.FrameworkMethod$1.runReflectiveCall(FrameworkMethod.java:45)&#13;
	at org.junit.internal.runners.model.ReflectiveCallable.run(ReflectiveCallable.java:15)&#13;
	at org.junit.runners.model.FrameworkMethod.invokeExplosively(FrameworkMethod.java:42)&#13;
	at org.junit.internal.runners.statements.InvokeMethod.evaluate(InvokeMethod.java:20)&#13;
	at org.junit.runners.ParentRunner.runLeaf(ParentRunner.java:263)&#13;
	at org.junit.runners.BlockJUnit4ClassRunner.runChild(BlockJUnit4ClassRunner.java:68)&#13;
	at org.junit.runners.BlockJUnit4ClassRunner.runChild(BlockJUnit4ClassRunner.java:47)&#13;
	at org.junit.runners.ParentRunner$3.run(ParentRunner.java:231)&#13;
	at org.junit.runners.ParentRunner$1.schedule(ParentRunner.java:60)&#13;
	at org.junit.runners.ParentRunner.runChildren(ParentRunner.java:229)&#13;
	at org.junit.runners.ParentRunner.access$000(ParentRunner.java:50)&#13;
	at org.junit.runners.ParentRunner$2.evaluate(ParentRunner.java:222)&#13;
	at org.junit.runners.ParentRunner.run(ParentRunner.java:300)&#13;
	at org.eclipse.jdt.internal.junit4.runner.JUnit4TestReference.run(JUnit4TestReference.java:50)&#13;
	at org.eclipse.jdt.internal.junit.runner.TestExecution.run(TestExecution.java:38)&#13;
	at org.eclipse.jdt.internal.junit.runner.RemoteTestRunner.runTests(RemoteTestRunner.java:467)&#13;
	at org.eclipse.jdt.internal.junit.runner.RemoteTestRunner.runTests(RemoteTestRunner.java:683)&#13;
	at org.eclipse.jdt.internal.junit.runner.RemoteTestRunner.run(RemoteTestRunner.java:390)&#13;
	at org.eclipse.jdt.internal.junit.runner.RemoteTestRunner.main(RemoteTestRunner.java:197)&#13;
&#13;
</error>
    </testcase>
    <testcase name="testCheckWordMisspelledWordSuggestionsInOrder" classname="SpellCheckerImplTest" time="0.024">
      <error>java.lang.ArrayIndexOutOfBoundsException&#13;
&#13;
</error>
    </testcase>
    <testcase name="testCheckWord" classname="SpellCheckerImplTest" time="0.02">
      <error>java.lang.ArrayIndexOutOfBoundsException&#13;
&#13;
</error>
    </testcase>
    <testcase name="testCheckWordCorrectWord" classname="SpellCheckerImplTest" time="0.02">
      <error>java.lang.ArrayIndexOutOfBoundsException&#13;
&#13;
</error>
    </testcase>
    <testcase name="testCheckWordMisspelledWord" classname="SpellCheckerImplTest" time="0.022">
      <error>java.lang.ArrayIndexOutOfBoundsException&#13;
&#13;
</error>
    </testcase>
  </testsuite>
</testrun>
